gdsz_cgm_e_1_cncnet_net_210_53_135_123_ZSTX->sdjn_slc_e_1_cncnet_net_210_53_135_7_ZSTX_S5
gdsz_cgm_e_1_cncnet_net_210_53_135_123_ZSTX->sdjn_slc_e_1_cncnet_net_210_53_135_7_ZSTX_S4
gdsz_cgm_e_1_cncnet_net_210_53_135_123_ZSTX->lnsy_sf_e_1_cncnet_net_210_53_135_101_ZSTX_S3
bjbj_db_e_3_cncnet_net_210_53_135_160_ZSTX_S5->lnsy_sf_e_1_cncnet_net_210_53_135_101_ZSTX_S3
gdsz_cgm_e_1_cncnet_net_210_53_135_123_ZSTX->lnsy_sf_e_1_cncnet_net_210_53_135_101_ZSTX_S2
bjbj_db_e_3_cncnet_net_210_53_135_160_ZSTX_S5->lnsy_sf_e_1_cncnet_net_210_53_135_101_ZSTX_S2
gdsz_cgm_e_1_cncnet_net_210_53_135_123_ZSTX->sdjn_slc_e_1_cncnet_net_210_53_135_7_ZSTX_S3
bjbj_db_e_3_cncnet_net_210_53_135_160_ZSTX_S5->sdjn_slc_e_1_cncnet_net_210_53_135_7_ZSTX_S3
gdsz_cgm_e_1_cncnet_net_210_53_135_123_ZSTX->sdjn_slc_e_1_cncnet_net_210_53_135_7_ZSTX_S2
bjbj_db_e_3_cncnet_net_210_53_135_160_ZSTX_S5->sdjn_slc_e_1_cncnet_net_210_53_135_7_ZSTX_S2
gdsz_cgm_e_2_cncnet_net_210_53_135_151_ZSTX->jlcc_ysn_e_2_cncnet_net_210_53_135_129_ZSTX_S2
gdsz_cgm_e_1_cncnet_net_210_53_135_123_ZSTX->jlcc_ysn_e_2_cncnet_net_210_53_135_129_ZSTX_S2
bjbj_db_e_3_cncnet_net_210_53_135_160_ZSTX_S5->jlcc_ysn_e_2_cncnet_net_210_53_135_129_ZSTX_S2
gdsz_cgm_e_2_cncnet_net_210_53_135_151_ZSTX->jlcc_ysn_e_2_cncnet_net_210_53_135_129_ZSTX_S3
gdsz_cgm_e_1_cncnet_net_210_53_135_123_ZSTX->jlcc_ysn_e_2_cncnet_net_210_53_135_129_ZSTX_S3
gdfs_yf_e_1_cncnet_net_210_53_135_153_ZSTX->jlcc_ysn_e_2_cncnet_net_210_53_135_129_ZSTX_S3
bjbj_db_e_3_cncnet_net_210_53_135_160_ZSTX_S5->jlcc_ysn_e_2_cncnet_net_210_53_135_129_ZSTX_S3
gdsz_cgm_e_2_cncnet_net_210_53_135_151_ZSTX->bjbj_db_e_3_cncnet_net_210_53_135_160_ZSTX_S1
gdsz_cgm_e_1_cncnet_net_210_53_135_123_ZSTX->bjbj_db_e_3_cncnet_net_210_53_135_160_ZSTX_S1
gdfs_yf_e_1_cncnet_net_210_53_135_153_ZSTX->bjbj_db_e_3_cncnet_net_210_53_135_160_ZSTX_S1
bjbj_db_e_3_cncnet_net_210_53_135_160_ZSTX_S5->bjbj_db_e_3_cncnet_net_210_53_135_160_ZSTX_S1
gdsz_cgm_e_2_cncnet_net_210_53_135_151_ZSTX->jlcc_ysn_e_2_cncnet_net_210_53_135_129_ZSTX_S1
gdsz_cgm_e_1_cncnet_net_210_53_135_123_ZSTX->jlcc_ysn_e_2_cncnet_net_210_53_135_129_ZSTX_S1
gdfs_yf_e_1_cncnet_net_210_53_135_153_ZSTX->jlcc_ysn_e_2_cncnet_net_210_53_135_129_ZSTX_S1
bjbj_db_e_3_cncnet_net_210_53_135_160_ZSTX_S5->jlcc_ysn_e_2_cncnet_net_210_53_135_129_ZSTX_S1
gdsz_cgm_e_2_cncnet_net_210_53_135_151_ZSTX->bjbj_db_e_3_cncnet_net_210_53_135_160_ZSTX_S4
gdsz_cgm_e_1_cncnet_net_210_53_135_123_ZSTX->bjbj_db_e_3_cncnet_net_210_53_135_160_ZSTX_S4
gdfs_yf_e_1_cncnet_net_210_53_135_153_ZSTX->bjbj_db_e_3_cncnet_net_210_53_135_160_ZSTX_S4
bjbj_db_e_3_cncnet_net_210_53_135_160_ZSTX_S5->bjbj_db_e_3_cncnet_net_210_53_135_160_ZSTX_S4
gdsz_cgm_e_2_cncnet_net_210_53_135_151_ZSTX->nmhh_ysn_e_1_cncnet_net_210_53_135_176_ZSTX_S1
gdsz_cgm_e_1_cncnet_net_210_53_135_123_ZSTX->nmhh_ysn_e_1_cncnet_net_210_53_135_176_ZSTX_S1
gdfs_yf_e_1_cncnet_net_210_53_135_153_ZSTX->nmhh_ysn_e_1_cncnet_net_210_53_135_176_ZSTX_S1
bjbj_db_e_3_cncnet_net_210_53_135_160_ZSTX_S5->nmhh_ysn_e_1_cncnet_net_210_53_135_176_ZSTX_S1
gdsz_cgm_e_2_cncnet_net_210_53_135_151_ZSTX->lnsy_hx_e_1_cncnet_net_210_53_135_111_ZSTX_S1
gdsz_cgm_e_1_cncnet_net_210_53_135_123_ZSTX->lnsy_hx_e_1_cncnet_net_210_53_135_111_ZSTX_S1
gdfs_yf_e_1_cncnet_net_210_53_135_153_ZSTX->lnsy_hx_e_1_cncnet_net_210_53_135_111_ZSTX_S1
bjbj_db_e_3_cncnet_net_210_53_135_160_ZSTX_S5->lnsy_hx_e_1_cncnet_net_210_53_135_111_ZSTX_S1
gdsz_cgm_e_2_cncnet_net_210_53_135_151_ZSTX->tjtj_xsl_e_1_cncnet_net_210_53_135_118_ZSTX_S2
gdsz_cgm_e_1_cncnet_net_210_53_135_123_ZSTX->tjtj_xsl_e_1_cncnet_net_210_53_135_118_ZSTX_S2
gdfs_yf_e_1_cncnet_net_210_53_135_153_ZSTX->tjtj_xsl_e_1_cncnet_net_210_53_135_118_ZSTX_S2
bjbj_db_e_3_cncnet_net_210_53_135_160_ZSTX_S5->tjtj_xsl_e_1_cncnet_net_210_53_135_118_ZSTX_S2
gdsz_cgm_e_2_cncnet_net_210_53_135_151_ZSTX->lndl_slq_e_2_210_53_135_59_ZSTX_S1
gdsz_cgm_e_1_cncnet_net_210_53_135_123_ZSTX->lndl_slq_e_2_210_53_135_59_ZSTX_S1
gdfs_yf_e_1_cncnet_net_210_53_135_153_ZSTX->lndl_slq_e_2_210_53_135_59_ZSTX_S1
bjbj_db_e_3_cncnet_net_210_53_135_160_ZSTX_S5->lndl_slq_e_2_210_53_135_59_ZSTX_S1
gdsz_cgm_e_2_cncnet_net_210_53_135_151_ZSTX->snxa_xgx_e_1_cncnet_net_210_53_135_127_ZSTX_S2
gdsz_cgm_e_1_cncnet_net_210_53_135_123_ZSTX->snxa_xgx_e_1_cncnet_net_210_53_135_127_ZSTX_S2
gdfs_yf_e_1_cncnet_net_210_53_135_153_ZSTX->snxa_xgx_e_1_cncnet_net_210_53_135_127_ZSTX_S2
bjbj_db_e_3_cncnet_net_210_53_135_160_ZSTX_S5->snxa_xgx_e_1_cncnet_net_210_53_135_127_ZSTX_S2
gdsz_cgm_e_2_cncnet_net_210_53_135_151_ZSTX->sdwf_lwj_e_1_210_53_135_148_ZSTX_S1
gdsz_cgm_e_1_cncnet_net_210_53_135_123_ZSTX->sdwf_lwj_e_1_210_53_135_148_ZSTX_S1
gdfs_yf_e_1_cncnet_net_210_53_135_153_ZSTX->sdwf_lwj_e_1_210_53_135_148_ZSTX_S1
bjbj_db_e_3_cncnet_net_210_53_135_160_ZSTX_S5->sdwf_lwj_e_1_210_53_135_148_ZSTX_S1
gdsz_cgm_e_2_cncnet_net_210_53_135_151_ZSTX->cqcq_kz_e_1_cncnet_net_210_53_135_230_ZSTX_S1
gdsz_cgm_e_1_cncnet_net_210_53_135_123_ZSTX->cqcq_kz_e_1_cncnet_net_210_53_135_230_ZSTX_S1
gdfs_yf_e_1_cncnet_net_210_53_135_153_ZSTX->cqcq_kz_e_1_cncnet_net_210_53_135_230_ZSTX_S1
bjbj_db_e_3_cncnet_net_210_53_135_160_ZSTX_S5->cqcq_kz_e_1_cncnet_net_210_53_135_230_ZSTX_S1
gdsz_cgm_e_2_cncnet_net_210_53_135_151_ZSTX->bjbj_db_e_1_cncnet_net_210_53_135_112_ZSTX_S2
gdsz_cgm_e_1_cncnet_net_210_53_135_123_ZSTX->bjbj_db_e_1_cncnet_net_210_53_135_112_ZSTX_S2
gdfs_yf_e_1_cncnet_net_210_53_135_153_ZSTX->bjbj_db_e_1_cncnet_net_210_53_135_112_ZSTX_S2
bjbj_db_e_3_cncnet_net_210_53_135_160_ZSTX_S5->bjbj_db_e_1_cncnet_net_210_53_135_112_ZSTX_S2
gdsz_cgm_e_2_cncnet_net_210_53_135_151_ZSTX->bjbj_db_e_1_cncnet_net_210_53_135_112_ZSTX_S3
gdsz_cgm_e_1_cncnet_net_210_53_135_123_ZSTX->bjbj_db_e_1_cncnet_net_210_53_135_112_ZSTX_S3
gdfs_yf_e_1_cncnet_net_210_53_135_153_ZSTX->bjbj_db_e_1_cncnet_net_210_53_135_112_ZSTX_S3
bjbj_db_e_3_cncnet_net_210_53_135_160_ZSTX_S5->bjbj_db_e_1_cncnet_net_210_53_135_112_ZSTX_S3
gdsz_cgm_e_2_cncnet_net_210_53_135_151_ZSTX->bjbj_db_e_1_cncnet_net_210_53_135_112_ZSTX_S1
gdsz_cgm_e_1_cncnet_net_210_53_135_123_ZSTX->bjbj_db_e_1_cncnet_net_210_53_135_112_ZSTX_S1
gdfs_yf_e_1_cncnet_net_210_53_135_153_ZSTX->bjbj_db_e_1_cncnet_net_210_53_135_112_ZSTX_S1
bjbj_db_e_3_cncnet_net_210_53_135_160_ZSTX_S5->bjbj_db_e_1_cncnet_net_210_53_135_112_ZSTX_S1
gdsz_cgm_e_2_cncnet_net_210_53_135_151_ZSTX->lndl_slq_e_1_cncnet_net_210_53_135_162_ZSTX_S1
gdsz_cgm_e_1_cncnet_net_210_53_135_123_ZSTX->lndl_slq_e_1_cncnet_net_210_53_135_162_ZSTX_S1
gdfs_yf_e_1_cncnet_net_210_53_135_153_ZSTX->lndl_slq_e_1_cncnet_net_210_53_135_162_ZSTX_S1
bjbj_db_e_3_cncnet_net_210_53_135_160_ZSTX_S5->lndl_slq_e_1_cncnet_net_210_53_135_162_ZSTX_S1
gdsz_cgm_e_2_cncnet_net_210_53_135_151_ZSTX->lndl_slq_e_1_cncnet_net_210_53_135_162_ZSTX_S2
gdsz_cgm_e_1_cncnet_net_210_53_135_123_ZSTX->lndl_slq_e_1_cncnet_net_210_53_135_162_ZSTX_S2
gdfs_yf_e_1_cncnet_net_210_53_135_153_ZSTX->lndl_slq_e_1_cncnet_net_210_53_135_162_ZSTX_S2
bjbj_db_e_3_cncnet_net_210_53_135_160_ZSTX_S5->lndl_slq_e_1_cncnet_net_210_53_135_162_ZSTX_S2
gdsz_cgm_e_2_cncnet_net_210_53_135_151_ZSTX->bjbj_db_e_3_cncnet_net_210_53_135_160_ZSTX_S2
gdsz_cgm_e_1_cncnet_net_210_53_135_123_ZSTX->bjbj_db_e_3_cncnet_net_210_53_135_160_ZSTX_S2
gdfs_yf_e_1_cncnet_net_210_53_135_153_ZSTX->bjbj_db_e_3_cncnet_net_210_53_135_160_ZSTX_S2
bjbj_db_e_3_cncnet_net_210_53_135_160_ZSTX_S5->bjbj_db_e_3_cncnet_net_210_53_135_160_ZSTX_S2
gdsz_cgm_e_2_cncnet_net_210_53_135_151_ZSTX->sdqd_lydl_e_2_cncnet_net_210_53_135_158_ZSTX_S1
gdsz_cgm_e_1_cncnet_net_210_53_135_123_ZSTX->sdqd_lydl_e_2_cncnet_net_210_53_135_158_ZSTX_S1
gdfs_yf_e_1_cncnet_net_210_53_135_153_ZSTX->sdqd_lydl_e_2_cncnet_net_210_53_135_158_ZSTX_S1
bjbj_db_e_3_cncnet_net_210_53_135_160_ZSTX_S5->sdqd_lydl_e_2_cncnet_net_210_53_135_158_ZSTX_S1
gdsz_cgm_e_2_cncnet_net_210_53_135_151_ZSTX->sdqd_lydl_e_2_cncnet_net_210_53_135_158_ZSTX_S2
gdsz_cgm_e_1_cncnet_net_210_53_135_123_ZSTX->sdqd_lydl_e_2_cncnet_net_210_53_135_158_ZSTX_S2
gdfs_yf_e_1_cncnet_net_210_53_135_153_ZSTX->sdqd_lydl_e_2_cncnet_net_210_53_135_158_ZSTX_S2
bjbj_db_e_3_cncnet_net_210_53_135_160_ZSTX_S5->sdqd_lydl_e_2_cncnet_net_210_53_135_158_ZSTX_S2
gdsz_cgm_e_2_cncnet_net_210_53_135_151_ZSTX->jlcc_ysn_e_1_cncnet_net_210_52_129_28_ZSTX_S2
gdsz_cgm_e_1_cncnet_net_210_53_135_123_ZSTX->jlcc_ysn_e_1_cncnet_net_210_52_129_28_ZSTX_S2
gdfs_yf_e_1_cncnet_net_210_53_135_153_ZSTX->jlcc_ysn_e_1_cncnet_net_210_52_129_28_ZSTX_S2
bjbj_db_e_3_cncnet_net_210_53_135_160_ZSTX_S5->jlcc_ysn_e_1_cncnet_net_210_52_129_28_ZSTX_S2
gdsz_cgm_e_2_cncnet_net_210_53_135_151_ZSTX->bjbj_yz_e_1_cncnet_net_210_53_135_110_ZSTX_S2
gdsz_cgm_e_1_cncnet_net_210_53_135_123_ZSTX->bjbj_yz_e_1_cncnet_net_210_53_135_110_ZSTX_S2
gdfs_yf_e_1_cncnet_net_210_53_135_153_ZSTX->bjbj_yz_e_1_cncnet_net_210_53_135_110_ZSTX_S2
bjbj_db_e_3_cncnet_net_210_53_135_160_ZSTX_S5->bjbj_yz_e_1_cncnet_net_210_53_135_110_ZSTX_S2
gdsz_cgm_e_2_cncnet_net_210_53_135_151_ZSTX->sdqd_lydl_e_1_cncnet_net_210_53_135_115_ZSTX_S3
gdsz_cgm_e_1_cncnet_net_210_53_135_123_ZSTX->sdqd_lydl_e_1_cncnet_net_210_53_135_115_ZSTX_S3
gdfs_yf_e_1_cncnet_net_210_53_135_153_ZSTX->sdqd_lydl_e_1_cncnet_net_210_53_135_115_ZSTX_S3
bjbj_db_e_3_cncnet_net_210_53_135_160_ZSTX_S5->sdqd_lydl_e_1_cncnet_net_210_53_135_115_ZSTX_S3
gdsz_cgm_e_2_cncnet_net_210_53_135_151_ZSTX->sdqd_lydl_e_1_cncnet_net_210_53_135_115_ZSTX_S1
gdsz_cgm_e_1_cncnet_net_210_53_135_123_ZSTX->sdqd_lydl_e_1_cncnet_net_210_53_135_115_ZSTX_S1
gdfs_yf_e_1_cncnet_net_210_53_135_153_ZSTX->sdqd_lydl_e_1_cncnet_net_210_53_135_115_ZSTX_S1
bjbj_db_e_3_cncnet_net_210_53_135_160_ZSTX_S5->sdqd_lydl_e_1_cncnet_net_210_53_135_115_ZSTX_S1
gdsz_cgm_e_2_cncnet_net_210_53_135_151_ZSTX->bjbj_db_e_1_cncnet_net_210_53_135_112_ZSTX_S4
gdsz_cgm_e_1_cncnet_net_210_53_135_123_ZSTX->bjbj_db_e_1_cncnet_net_210_53_135_112_ZSTX_S4
gdfs_yf_e_1_cncnet_net_210_53_135_153_ZSTX->bjbj_db_e_1_cncnet_net_210_53_135_112_ZSTX_S4
bjbj_db_e_3_cncnet_net_210_53_135_160_ZSTX_S5->bjbj_db_e_1_cncnet_net_210_53_135_112_ZSTX_S4
gdsz_cgm_e_2_cncnet_net_210_53_135_151_ZSTX->bjbj_yz_asbr_1_cncnet_net_210_53_135_189_ZSTX_S3
gdsz_cgm_e_1_cncnet_net_210_53_135_123_ZSTX->bjbj_yz_asbr_1_cncnet_net_210_53_135_189_ZSTX_S3
gdfs_yf_e_1_cncnet_net_210_53_135_153_ZSTX->bjbj_yz_asbr_1_cncnet_net_210_53_135_189_ZSTX_S3
bjbj_db_e_3_cncnet_net_210_53_135_160_ZSTX_S5->bjbj_yz_asbr_1_cncnet_net_210_53_135_189_ZSTX_S3
gdsz_cgm_e_2_cncnet_net_210_53_135_151_ZSTX->bjbj_yz_asbr_1_cncnet_net_210_53_135_189_ZSTX_S2
gdsz_cgm_e_1_cncnet_net_210_53_135_123_ZSTX->bjbj_yz_asbr_1_cncnet_net_210_53_135_189_ZSTX_S2
gdfs_yf_e_1_cncnet_net_210_53_135_153_ZSTX->bjbj_yz_asbr_1_cncnet_net_210_53_135_189_ZSTX_S2
bjbj_db_e_3_cncnet_net_210_53_135_160_ZSTX_S5->bjbj_yz_asbr_1_cncnet_net_210_53_135_189_ZSTX_S2
gdsz_cgm_e_2_cncnet_net_210_53_135_151_ZSTX->bjbj_yz_asbr_1_cncnet_net_210_53_135_189_ZSTX_S1
gdsz_cgm_e_1_cncnet_net_210_53_135_123_ZSTX->bjbj_yz_asbr_1_cncnet_net_210_53_135_189_ZSTX_S1
gdfs_yf_e_1_cncnet_net_210_53_135_153_ZSTX->bjbj_yz_asbr_1_cncnet_net_210_53_135_189_ZSTX_S1
bjbj_db_e_3_cncnet_net_210_53_135_160_ZSTX_S5->bjbj_yz_asbr_1_cncnet_net_210_53_135_189_ZSTX_S1
gdsz_cgm_e_2_cncnet_net_210_53_135_151_ZSTX->jlcc_ysn_e_1_cncnet_net_210_52_129_28_ZSTX_S3
gdsz_cgm_e_1_cncnet_net_210_53_135_123_ZSTX->jlcc_ysn_e_1_cncnet_net_210_52_129_28_ZSTX_S3
gdfs_yf_e_1_cncnet_net_210_53_135_153_ZSTX->jlcc_ysn_e_1_cncnet_net_210_52_129_28_ZSTX_S3
bjbj_db_e_3_cncnet_net_210_53_135_160_ZSTX_S5->jlcc_ysn_e_1_cncnet_net_210_52_129_28_ZSTX_S3
gdsz_cgm_e_2_cncnet_net_210_53_135_151_ZSTX->jlcc_ysn_e_1_cncnet_net_210_52_129_28_ZSTX_S4
gdsz_cgm_e_1_cncnet_net_210_53_135_123_ZSTX->jlcc_ysn_e_1_cncnet_net_210_52_129_28_ZSTX_S4
gdfs_yf_e_1_cncnet_net_210_53_135_153_ZSTX->jlcc_ysn_e_1_cncnet_net_210_52_129_28_ZSTX_S4
bjbj_db_e_3_cncnet_net_210_53_135_160_ZSTX_S5->jlcc_ysn_e_1_cncnet_net_210_52_129_28_ZSTX_S4
gdsz_cgm_e_2_cncnet_net_210_53_135_151_ZSTX->bjbj_yz_asbr_1_cncnet_net_210_53_135_189_ZSTX_S6
gdsz_cgm_e_1_cncnet_net_210_53_135_123_ZSTX->bjbj_yz_asbr_1_cncnet_net_210_53_135_189_ZSTX_S6
gdfs_yf_e_1_cncnet_net_210_53_135_153_ZSTX->bjbj_yz_asbr_1_cncnet_net_210_53_135_189_ZSTX_S6
bjbj_db_e_3_cncnet_net_210_53_135_160_ZSTX_S5->bjbj_yz_asbr_1_cncnet_net_210_53_135_189_ZSTX_S6
gdsz_cgm_e_2_cncnet_net_210_53_135_151_ZSTX->bjbj_yz_asbr_1_cncnet_net_210_53_135_189_ZSTX_S5
gdsz_cgm_e_1_cncnet_net_210_53_135_123_ZSTX->bjbj_yz_asbr_1_cncnet_net_210_53_135_189_ZSTX_S5
gdfs_yf_e_1_cncnet_net_210_53_135_153_ZSTX->bjbj_yz_asbr_1_cncnet_net_210_53_135_189_ZSTX_S5
bjbj_db_e_3_cncnet_net_210_53_135_160_ZSTX_S5->bjbj_yz_asbr_1_cncnet_net_210_53_135_189_ZSTX_S5
gdsz_cgm_e_2_cncnet_net_210_53_135_151_ZSTX->bjbj_yz_asbr_1_cncnet_net_210_53_135_189_ZSTX_S4
gdsz_cgm_e_1_cncnet_net_210_53_135_123_ZSTX->bjbj_yz_asbr_1_cncnet_net_210_53_135_189_ZSTX_S4
gdfs_yf_e_1_cncnet_net_210_53_135_153_ZSTX->bjbj_yz_asbr_1_cncnet_net_210_53_135_189_ZSTX_S4
bjbj_db_e_3_cncnet_net_210_53_135_160_ZSTX_S5->bjbj_yz_asbr_1_cncnet_net_210_53_135_189_ZSTX_S4
gdsz_cgm_e_2_cncnet_net_210_53_135_151_ZSTX->hlhr_ysn_e_2_cncnet_net_210_53_135_161_ZSTX_S4
gdsz_cgm_e_1_cncnet_net_210_53_135_123_ZSTX->hlhr_ysn_e_2_cncnet_net_210_53_135_161_ZSTX_S4
gdfs_yf_e_1_cncnet_net_210_53_135_153_ZSTX->hlhr_ysn_e_2_cncnet_net_210_53_135_161_ZSTX_S4
bjbj_db_e_3_cncnet_net_210_53_135_160_ZSTX_S5->hlhr_ysn_e_2_cncnet_net_210_53_135_161_ZSTX_S4
gdsz_cgm_e_2_cncnet_net_210_53_135_151_ZSTX->hlhr_ysn_e_2_cncnet_net_210_53_135_161_ZSTX_S5
gdsz_cgm_e_1_cncnet_net_210_53_135_123_ZSTX->hlhr_ysn_e_2_cncnet_net_210_53_135_161_ZSTX_S5
gdfs_yf_e_1_cncnet_net_210_53_135_153_ZSTX->hlhr_ysn_e_2_cncnet_net_210_53_135_161_ZSTX_S5
bjbj_db_e_3_cncnet_net_210_53_135_160_ZSTX_S5->hlhr_ysn_e_2_cncnet_net_210_53_135_161_ZSTX_S5
gdsz_cgm_e_2_cncnet_net_210_53_135_151_ZSTX->sdyt_dhyj_e_1_cncnet_net_210_53_135_150_ZSTX_S1
gdsz_cgm_e_1_cncnet_net_210_53_135_123_ZSTX->sdyt_dhyj_e_1_cncnet_net_210_53_135_150_ZSTX_S1
gdfs_yf_e_1_cncnet_net_210_53_135_153_ZSTX->sdyt_dhyj_e_1_cncnet_net_210_53_135_150_ZSTX_S1
bjbj_db_e_3_cncnet_net_210_53_135_160_ZSTX_S5->sdyt_dhyj_e_1_cncnet_net_210_53_135_150_ZSTX_S1
gdsz_cgm_e_2_cncnet_net_210_53_135_151_ZSTX->hlhr_ysn_e_2_cncnet_net_210_53_135_161_ZSTX_S1
gdsz_cgm_e_1_cncnet_net_210_53_135_123_ZSTX->hlhr_ysn_e_2_cncnet_net_210_53_135_161_ZSTX_S1
gdfs_yf_e_1_cncnet_net_210_53_135_153_ZSTX->hlhr_ysn_e_2_cncnet_net_210_53_135_161_ZSTX_S1
bjbj_db_e_3_cncnet_net_210_53_135_160_ZSTX_S5->hlhr_ysn_e_2_cncnet_net_210_53_135_161_ZSTX_S1
gdsz_cgm_e_2_cncnet_net_210_53_135_151_ZSTX->hlhr_ysn_e_2_cncnet_net_210_53_135_161_ZSTX_S2
gdsz_cgm_e_1_cncnet_net_210_53_135_123_ZSTX->hlhr_ysn_e_2_cncnet_net_210_53_135_161_ZSTX_S2
gdfs_yf_e_1_cncnet_net_210_53_135_153_ZSTX->hlhr_ysn_e_2_cncnet_net_210_53_135_161_ZSTX_S2
bjbj_db_e_3_cncnet_net_210_53_135_160_ZSTX_S5->hlhr_ysn_e_2_cncnet_net_210_53_135_161_ZSTX_S2
gdsz_cgm_e_2_cncnet_net_210_53_135_151_ZSTX->hlhr_ysn_e_2_cncnet_net_210_53_135_161_ZSTX_S3
gdsz_cgm_e_1_cncnet_net_210_53_135_123_ZSTX->hlhr_ysn_e_2_cncnet_net_210_53_135_161_ZSTX_S3
gdfs_yf_e_1_cncnet_net_210_53_135_153_ZSTX->hlhr_ysn_e_2_cncnet_net_210_53_135_161_ZSTX_S3
bjbj_db_e_3_cncnet_net_210_53_135_160_ZSTX_S5->hlhr_ysn_e_2_cncnet_net_210_53_135_161_ZSTX_S3
gdsz_cgm_e_2_cncnet_net_210_53_135_151_ZSTX->scnc_zh_e_1_sccd_cncnet_net_210_53_135_74_ZSTX_S1
gdsz_cgm_e_1_cncnet_net_210_53_135_123_ZSTX->scnc_zh_e_1_sccd_cncnet_net_210_53_135_74_ZSTX_S1
gdfs_yf_e_1_cncnet_net_210_53_135_153_ZSTX->scnc_zh_e_1_sccd_cncnet_net_210_53_135_74_ZSTX_S1
bjbj_db_e_3_cncnet_net_210_53_135_160_ZSTX_S5->scnc_zh_e_1_sccd_cncnet_net_210_53_135_74_ZSTX_S1
gdsz_cgm_e_2_cncnet_net_210_53_135_151_ZSTX->cqcq_jb_e_1_cncnet_net_210_52_129_51_ZSTX_S1
gdsz_cgm_e_1_cncnet_net_210_53_135_123_ZSTX->cqcq_jb_e_1_cncnet_net_210_52_129_51_ZSTX_S1
gdfs_yf_e_1_cncnet_net_210_53_135_153_ZSTX->cqcq_jb_e_1_cncnet_net_210_52_129_51_ZSTX_S1
bjbj_db_e_3_cncnet_net_210_53_135_160_ZSTX_S5->cqcq_jb_e_1_cncnet_net_210_52_129_51_ZSTX_S1
gdsz_cgm_e_2_cncnet_net_210_53_135_151_ZSTX->hesj_esn_e_1_cncnet_net_210_53_135_126_ZSTX_S1
gdsz_cgm_e_1_cncnet_net_210_53_135_123_ZSTX->hesj_esn_e_1_cncnet_net_210_53_135_126_ZSTX_S1
gdfs_yf_e_1_cncnet_net_210_53_135_153_ZSTX->hesj_esn_e_1_cncnet_net_210_53_135_126_ZSTX_S1
bjbj_db_e_3_cncnet_net_210_53_135_160_ZSTX_S5->hesj_esn_e_1_cncnet_net_210_53_135_126_ZSTX_S1
gdsz_cgm_e_2_cncnet_net_210_53_135_151_ZSTX->snxa_xgx_e_1_cncnet_net_210_53_135_127_ZSTX_S1
gdsz_cgm_e_1_cncnet_net_210_53_135_123_ZSTX->snxa_xgx_e_1_cncnet_net_210_53_135_127_ZSTX_S1
gdfs_yf_e_1_cncnet_net_210_53_135_153_ZSTX->snxa_xgx_e_1_cncnet_net_210_53_135_127_ZSTX_S1
bjbj_db_e_3_cncnet_net_210_53_135_160_ZSTX_S5->snxa_xgx_e_1_cncnet_net_210_53_135_127_ZSTX_S1
gdsz_cgm_e_2_cncnet_net_210_53_135_151_ZSTX->sdyt_dhyj_e_1_cncnet_net_210_53_135_150_ZSTX_S3
gdsz_cgm_e_1_cncnet_net_210_53_135_123_ZSTX->sdyt_dhyj_e_1_cncnet_net_210_53_135_150_ZSTX_S3
gdfs_yf_e_1_cncnet_net_210_53_135_153_ZSTX->sdyt_dhyj_e_1_cncnet_net_210_53_135_150_ZSTX_S3
bjbj_db_e_3_cncnet_net_210_53_135_160_ZSTX_S5->sdyt_dhyj_e_1_cncnet_net_210_53_135_150_ZSTX_S3
gdsz_cgm_e_2_cncnet_net_210_53_135_151_ZSTX->sdyt_dhyj_e_1_cncnet_net_210_53_135_150_ZSTX_S2
gdsz_cgm_e_1_cncnet_net_210_53_135_123_ZSTX->sdyt_dhyj_e_1_cncnet_net_210_53_135_150_ZSTX_S2
gdfs_yf_e_1_cncnet_net_210_53_135_153_ZSTX->sdyt_dhyj_e_1_cncnet_net_210_53_135_150_ZSTX_S2
bjbj_db_e_3_cncnet_net_210_53_135_160_ZSTX_S5->sdyt_dhyj_e_1_cncnet_net_210_53_135_150_ZSTX_S2
gdsz_cgm_e_2_cncnet_net_210_53_135_151_ZSTX->hets_xxg_e_1_cncnet_net_210_52_129_17_ZSTX_S1
gdsz_cgm_e_1_cncnet_net_210_53_135_123_ZSTX->hets_xxg_e_1_cncnet_net_210_52_129_17_ZSTX_S1
gdfs_yf_e_1_cncnet_net_210_53_135_153_ZSTX->hets_xxg_e_1_cncnet_net_210_52_129_17_ZSTX_S1
bjbj_db_e_3_cncnet_net_210_53_135_160_ZSTX_S5->hets_xxg_e_1_cncnet_net_210_52_129_17_ZSTX_S1
gdsz_cgm_e_2_cncnet_net_210_53_135_151_ZSTX->lnsy_sf_e_1_cncnet_net_210_53_135_101_ZSTX_S1
gdsz_cgm_e_1_cncnet_net_210_53_135_123_ZSTX->lnsy_sf_e_1_cncnet_net_210_53_135_101_ZSTX_S1
gdfs_yf_e_1_cncnet_net_210_53_135_153_ZSTX->lnsy_sf_e_1_cncnet_net_210_53_135_101_ZSTX_S1
bjbj_db_e_3_cncnet_net_210_53_135_160_ZSTX_S5->lnsy_sf_e_1_cncnet_net_210_53_135_101_ZSTX_S1
gdsz_cgm_e_2_cncnet_net_210_53_135_151_ZSTX->hesj_ysn_e_1_cncnet_net_210_53_135_26_ZSTX_S1
gdsz_cgm_e_1_cncnet_net_210_53_135_123_ZSTX->hesj_ysn_e_1_cncnet_net_210_53_135_26_ZSTX_S1
gdfs_yf_e_1_cncnet_net_210_53_135_153_ZSTX->hesj_ysn_e_1_cncnet_net_210_53_135_26_ZSTX_S1
bjbj_db_e_3_cncnet_net_210_53_135_160_ZSTX_S5->hesj_ysn_e_1_cncnet_net_210_53_135_26_ZSTX_S1
gdsz_cgm_e_2_cncnet_net_210_53_135_151_ZSTX->sdjn_dgsh_e_1_cncnet_net_210_53_135_114_ZSTX_S1
gdsz_cgm_e_1_cncnet_net_210_53_135_123_ZSTX->sdjn_dgsh_e_1_cncnet_net_210_53_135_114_ZSTX_S1
gdfs_yf_e_1_cncnet_net_210_53_135_153_ZSTX->sdjn_dgsh_e_1_cncnet_net_210_53_135_114_ZSTX_S1
bjbj_db_e_3_cncnet_net_210_53_135_160_ZSTX_S5->sdjn_dgsh_e_1_cncnet_net_210_53_135_114_ZSTX_S1
gdsz_cgm_e_2_cncnet_net_210_53_135_151_ZSTX->tjtj_xsl_e_1_cncnet_net_210_53_135_118_ZSTX_S3
gdsz_cgm_e_1_cncnet_net_210_53_135_123_ZSTX->tjtj_xsl_e_1_cncnet_net_210_53_135_118_ZSTX_S3
gdfs_yf_e_1_cncnet_net_210_53_135_153_ZSTX->tjtj_xsl_e_1_cncnet_net_210_53_135_118_ZSTX_S3
bjbj_db_e_3_cncnet_net_210_53_135_160_ZSTX_S5->tjtj_xsl_e_1_cncnet_net_210_53_135_118_ZSTX_S3
gdsz_cgm_e_2_cncnet_net_210_53_135_151_ZSTX->tjtj_xsl_e_1_cncnet_net_210_53_135_118_ZSTX_S1
gdsz_cgm_e_1_cncnet_net_210_53_135_123_ZSTX->tjtj_xsl_e_1_cncnet_net_210_53_135_118_ZSTX_S1
gdfs_yf_e_1_cncnet_net_210_53_135_153_ZSTX->tjtj_xsl_e_1_cncnet_net_210_53_135_118_ZSTX_S1
bjbj_db_e_3_cncnet_net_210_53_135_160_ZSTX_S5->tjtj_xsl_e_1_cncnet_net_210_53_135_118_ZSTX_S1
gdsz_cgm_e_2_cncnet_net_210_53_135_151_ZSTX->tjtj_xsl_e_1_cncnet_net_210_53_135_118_ZSTX_S5
gdsz_cgm_e_1_cncnet_net_210_53_135_123_ZSTX->tjtj_xsl_e_1_cncnet_net_210_53_135_118_ZSTX_S5
gdfs_yf_e_1_cncnet_net_210_53_135_153_ZSTX->tjtj_xsl_e_1_cncnet_net_210_53_135_118_ZSTX_S5
bjbj_db_e_3_cncnet_net_210_53_135_160_ZSTX_S5->tjtj_xsl_e_1_cncnet_net_210_53_135_118_ZSTX_S5
gdsz_cgm_e_2_cncnet_net_210_53_135_151_ZSTX->hets_xxg_e_1_cncnet_net_210_52_129_17_ZSTX_S3
gdsz_cgm_e_1_cncnet_net_210_53_135_123_ZSTX->hets_xxg_e_1_cncnet_net_210_52_129_17_ZSTX_S3
gdfs_yf_e_1_cncnet_net_210_53_135_153_ZSTX->hets_xxg_e_1_cncnet_net_210_52_129_17_ZSTX_S3
bjbj_db_e_3_cncnet_net_210_53_135_160_ZSTX_S5->hets_xxg_e_1_cncnet_net_210_52_129_17_ZSTX_S3
gdsz_cgm_e_2_cncnet_net_210_53_135_151_ZSTX->hets_xxg_e_1_cncnet_net_210_52_129_17_ZSTX_S2
gdsz_cgm_e_1_cncnet_net_210_53_135_123_ZSTX->hets_xxg_e_1_cncnet_net_210_52_129_17_ZSTX_S2
gdfs_yf_e_1_cncnet_net_210_53_135_153_ZSTX->hets_xxg_e_1_cncnet_net_210_52_129_17_ZSTX_S2
bjbj_db_e_3_cncnet_net_210_53_135_160_ZSTX_S5->hets_xxg_e_1_cncnet_net_210_52_129_17_ZSTX_S2
gdsz_cgm_e_2_cncnet_net_210_53_135_151_ZSTX->tjtj_xsl_e_2_cncnet_net_210_53_135_149_ZSTX_S5
gdsz_cgm_e_1_cncnet_net_210_53_135_123_ZSTX->tjtj_xsl_e_2_cncnet_net_210_53_135_149_ZSTX_S5
gdfs_yf_e_1_cncnet_net_210_53_135_153_ZSTX->tjtj_xsl_e_2_cncnet_net_210_53_135_149_ZSTX_S5
bjbj_db_e_3_cncnet_net_210_53_135_160_ZSTX_S5->tjtj_xsl_e_2_cncnet_net_210_53_135_149_ZSTX_S5
gdsz_cgm_e_2_cncnet_net_210_53_135_151_ZSTX->tjtj_xsl_e_2_cncnet_net_210_53_135_149_ZSTX_S4
gdsz_cgm_e_1_cncnet_net_210_53_135_123_ZSTX->tjtj_xsl_e_2_cncnet_net_210_53_135_149_ZSTX_S4
gdfs_yf_e_1_cncnet_net_210_53_135_153_ZSTX->tjtj_xsl_e_2_cncnet_net_210_53_135_149_ZSTX_S4
bjbj_db_e_3_cncnet_net_210_53_135_160_ZSTX_S5->tjtj_xsl_e_2_cncnet_net_210_53_135_149_ZSTX_S4
gdsz_cgm_e_2_cncnet_net_210_53_135_151_ZSTX->tjtj_xsl_e_2_cncnet_net_210_53_135_149_ZSTX_S3
gdsz_cgm_e_1_cncnet_net_210_53_135_123_ZSTX->tjtj_xsl_e_2_cncnet_net_210_53_135_149_ZSTX_S3
gdfs_yf_e_1_cncnet_net_210_53_135_153_ZSTX->tjtj_xsl_e_2_cncnet_net_210_53_135_149_ZSTX_S3
bjbj_db_e_3_cncnet_net_210_53_135_160_ZSTX_S5->tjtj_xsl_e_2_cncnet_net_210_53_135_149_ZSTX_S3
gdsz_cgm_e_2_cncnet_net_210_53_135_151_ZSTX->tjtj_xsl_e_2_cncnet_net_210_53_135_149_ZSTX_S2
gdsz_cgm_e_1_cncnet_net_210_53_135_123_ZSTX->tjtj_xsl_e_2_cncnet_net_210_53_135_149_ZSTX_S2
gdfs_yf_e_1_cncnet_net_210_53_135_153_ZSTX->tjtj_xsl_e_2_cncnet_net_210_53_135_149_ZSTX_S2
bjbj_db_e_3_cncnet_net_210_53_135_160_ZSTX_S5->tjtj_xsl_e_2_cncnet_net_210_53_135_149_ZSTX_S2
gdsz_cgm_e_2_cncnet_net_210_53_135_151_ZSTX->tjtj_xsl_e_2_cncnet_net_210_53_135_149_ZSTX_S1
gdsz_cgm_e_1_cncnet_net_210_53_135_123_ZSTX->tjtj_xsl_e_2_cncnet_net_210_53_135_149_ZSTX_S1
gdfs_yf_e_1_cncnet_net_210_53_135_153_ZSTX->tjtj_xsl_e_2_cncnet_net_210_53_135_149_ZSTX_S1
bjbj_db_e_3_cncnet_net_210_53_135_160_ZSTX_S5->tjtj_xsl_e_2_cncnet_net_210_53_135_149_ZSTX_S1
gdsz_cgm_e_2_cncnet_net_210_53_135_151_ZSTX->gdsz_cgm_e_1_cncnet_net_210_53_135_123_ZSTX[dir="both"]
gdsz_cgm_e_2_cncnet_net_210_53_135_151_ZSTX->gdfs_yf_e_1_cncnet_net_210_53_135_153_ZSTX[dir="both"]
bjbj_db_e_3_cncnet_net_210_53_135_160_ZSTX_S5->gdsz_cgm_e_2_cncnet_net_210_53_135_151_ZSTX
gdsz_cgm_e_1_cncnet_net_210_53_135_123_ZSTX->gdfs_yf_e_1_cncnet_net_210_53_135_153_ZSTX[dir="both"]
bjbj_db_e_3_cncnet_net_210_53_135_160_ZSTX_S5->gdsz_cgm_e_1_cncnet_net_210_53_135_123_ZSTX
sdjn_slc_e_1_cncnet_net_210_53_135_7_ZSTX_S5->gdfs_yf_e_1_cncnet_net_210_53_135_153_ZSTX
sdjn_slc_e_1_cncnet_net_210_53_135_7_ZSTX_S4->gdfs_yf_e_1_cncnet_net_210_53_135_153_ZSTX
lnsy_sf_e_1_cncnet_net_210_53_135_101_ZSTX_S3->gdfs_yf_e_1_cncnet_net_210_53_135_153_ZSTX
lnsy_sf_e_1_cncnet_net_210_53_135_101_ZSTX_S2->gdfs_yf_e_1_cncnet_net_210_53_135_153_ZSTX
sdjn_slc_e_1_cncnet_net_210_53_135_7_ZSTX_S3->gdfs_yf_e_1_cncnet_net_210_53_135_153_ZSTX
sdjn_slc_e_1_cncnet_net_210_53_135_7_ZSTX_S2->gdfs_yf_e_1_cncnet_net_210_53_135_153_ZSTX
jlcc_ysn_e_2_cncnet_net_210_53_135_129_ZSTX_S2->gdfs_yf_e_1_cncnet_net_210_53_135_153_ZSTX
jlcc_ysn_e_2_cncnet_net_210_53_135_129_ZSTX_S3->gdfs_yf_e_1_cncnet_net_210_53_135_153_ZSTX
bjbj_db_e_3_cncnet_net_210_53_135_160_ZSTX_S1->gdfs_yf_e_1_cncnet_net_210_53_135_153_ZSTX
jlcc_ysn_e_2_cncnet_net_210_53_135_129_ZSTX_S1->gdfs_yf_e_1_cncnet_net_210_53_135_153_ZSTX
bjbj_db_e_3_cncnet_net_210_53_135_160_ZSTX_S4->gdfs_yf_e_1_cncnet_net_210_53_135_153_ZSTX
nmhh_ysn_e_1_cncnet_net_210_53_135_176_ZSTX_S1->gdfs_yf_e_1_cncnet_net_210_53_135_153_ZSTX
lnsy_hx_e_1_cncnet_net_210_53_135_111_ZSTX_S1->gdfs_yf_e_1_cncnet_net_210_53_135_153_ZSTX
tjtj_xsl_e_1_cncnet_net_210_53_135_118_ZSTX_S2->gdfs_yf_e_1_cncnet_net_210_53_135_153_ZSTX
lndl_slq_e_2_210_53_135_59_ZSTX_S1->gdfs_yf_e_1_cncnet_net_210_53_135_153_ZSTX
snxa_xgx_e_1_cncnet_net_210_53_135_127_ZSTX_S2->gdfs_yf_e_1_cncnet_net_210_53_135_153_ZSTX
sdwf_lwj_e_1_210_53_135_148_ZSTX_S1->gdfs_yf_e_1_cncnet_net_210_53_135_153_ZSTX
cqcq_kz_e_1_cncnet_net_210_53_135_230_ZSTX_S1->gdfs_yf_e_1_cncnet_net_210_53_135_153_ZSTX
bjbj_db_e_1_cncnet_net_210_53_135_112_ZSTX_S2->gdfs_yf_e_1_cncnet_net_210_53_135_153_ZSTX
bjbj_db_e_1_cncnet_net_210_53_135_112_ZSTX_S3->gdfs_yf_e_1_cncnet_net_210_53_135_153_ZSTX
bjbj_db_e_1_cncnet_net_210_53_135_112_ZSTX_S1->gdfs_yf_e_1_cncnet_net_210_53_135_153_ZSTX
lndl_slq_e_1_cncnet_net_210_53_135_162_ZSTX_S1->gdfs_yf_e_1_cncnet_net_210_53_135_153_ZSTX
lndl_slq_e_1_cncnet_net_210_53_135_162_ZSTX_S2->gdfs_yf_e_1_cncnet_net_210_53_135_153_ZSTX
bjbj_db_e_3_cncnet_net_210_53_135_160_ZSTX_S2->gdfs_yf_e_1_cncnet_net_210_53_135_153_ZSTX
sdqd_lydl_e_2_cncnet_net_210_53_135_158_ZSTX_S1->gdfs_yf_e_1_cncnet_net_210_53_135_153_ZSTX
sdqd_lydl_e_2_cncnet_net_210_53_135_158_ZSTX_S2->gdfs_yf_e_1_cncnet_net_210_53_135_153_ZSTX
jlcc_ysn_e_1_cncnet_net_210_52_129_28_ZSTX_S2->gdfs_yf_e_1_cncnet_net_210_53_135_153_ZSTX
bjbj_yz_e_1_cncnet_net_210_53_135_110_ZSTX_S2->gdfs_yf_e_1_cncnet_net_210_53_135_153_ZSTX
sdqd_lydl_e_1_cncnet_net_210_53_135_115_ZSTX_S3->gdfs_yf_e_1_cncnet_net_210_53_135_153_ZSTX
sdqd_lydl_e_1_cncnet_net_210_53_135_115_ZSTX_S1->gdfs_yf_e_1_cncnet_net_210_53_135_153_ZSTX
bjbj_db_e_1_cncnet_net_210_53_135_112_ZSTX_S4->gdfs_yf_e_1_cncnet_net_210_53_135_153_ZSTX
bjbj_yz_asbr_1_cncnet_net_210_53_135_189_ZSTX_S3->gdfs_yf_e_1_cncnet_net_210_53_135_153_ZSTX
bjbj_yz_asbr_1_cncnet_net_210_53_135_189_ZSTX_S2->gdfs_yf_e_1_cncnet_net_210_53_135_153_ZSTX
bjbj_yz_asbr_1_cncnet_net_210_53_135_189_ZSTX_S1->gdfs_yf_e_1_cncnet_net_210_53_135_153_ZSTX
jlcc_ysn_e_1_cncnet_net_210_52_129_28_ZSTX_S3->gdfs_yf_e_1_cncnet_net_210_53_135_153_ZSTX
jlcc_ysn_e_1_cncnet_net_210_52_129_28_ZSTX_S4->gdfs_yf_e_1_cncnet_net_210_53_135_153_ZSTX
bjbj_yz_asbr_1_cncnet_net_210_53_135_189_ZSTX_S6->gdfs_yf_e_1_cncnet_net_210_53_135_153_ZSTX
bjbj_yz_asbr_1_cncnet_net_210_53_135_189_ZSTX_S5->gdfs_yf_e_1_cncnet_net_210_53_135_153_ZSTX
bjbj_yz_asbr_1_cncnet_net_210_53_135_189_ZSTX_S4->gdfs_yf_e_1_cncnet_net_210_53_135_153_ZSTX
hlhr_ysn_e_2_cncnet_net_210_53_135_161_ZSTX_S4->gdfs_yf_e_1_cncnet_net_210_53_135_153_ZSTX
hlhr_ysn_e_2_cncnet_net_210_53_135_161_ZSTX_S5->gdfs_yf_e_1_cncnet_net_210_53_135_153_ZSTX
sdyt_dhyj_e_1_cncnet_net_210_53_135_150_ZSTX_S1->gdfs_yf_e_1_cncnet_net_210_53_135_153_ZSTX
hlhr_ysn_e_2_cncnet_net_210_53_135_161_ZSTX_S1->gdfs_yf_e_1_cncnet_net_210_53_135_153_ZSTX
hlhr_ysn_e_2_cncnet_net_210_53_135_161_ZSTX_S2->gdfs_yf_e_1_cncnet_net_210_53_135_153_ZSTX
hlhr_ysn_e_2_cncnet_net_210_53_135_161_ZSTX_S3->gdfs_yf_e_1_cncnet_net_210_53_135_153_ZSTX
scnc_zh_e_1_sccd_cncnet_net_210_53_135_74_ZSTX_S1->gdfs_yf_e_1_cncnet_net_210_53_135_153_ZSTX
cqcq_jb_e_1_cncnet_net_210_52_129_51_ZSTX_S1->gdfs_yf_e_1_cncnet_net_210_53_135_153_ZSTX
hesj_esn_e_1_cncnet_net_210_53_135_126_ZSTX_S1->gdfs_yf_e_1_cncnet_net_210_53_135_153_ZSTX
snxa_xgx_e_1_cncnet_net_210_53_135_127_ZSTX_S1->gdfs_yf_e_1_cncnet_net_210_53_135_153_ZSTX
sdyt_dhyj_e_1_cncnet_net_210_53_135_150_ZSTX_S3->gdfs_yf_e_1_cncnet_net_210_53_135_153_ZSTX
sdyt_dhyj_e_1_cncnet_net_210_53_135_150_ZSTX_S2->gdfs_yf_e_1_cncnet_net_210_53_135_153_ZSTX
hets_xxg_e_1_cncnet_net_210_52_129_17_ZSTX_S1->gdfs_yf_e_1_cncnet_net_210_53_135_153_ZSTX
lnsy_sf_e_1_cncnet_net_210_53_135_101_ZSTX_S1->gdfs_yf_e_1_cncnet_net_210_53_135_153_ZSTX
hesj_ysn_e_1_cncnet_net_210_53_135_26_ZSTX_S1->gdfs_yf_e_1_cncnet_net_210_53_135_153_ZSTX
sdjn_dgsh_e_1_cncnet_net_210_53_135_114_ZSTX_S1->gdfs_yf_e_1_cncnet_net_210_53_135_153_ZSTX
tjtj_xsl_e_1_cncnet_net_210_53_135_118_ZSTX_S3->gdfs_yf_e_1_cncnet_net_210_53_135_153_ZSTX
tjtj_xsl_e_1_cncnet_net_210_53_135_118_ZSTX_S1->gdfs_yf_e_1_cncnet_net_210_53_135_153_ZSTX
tjtj_xsl_e_1_cncnet_net_210_53_135_118_ZSTX_S5->gdfs_yf_e_1_cncnet_net_210_53_135_153_ZSTX
hets_xxg_e_1_cncnet_net_210_52_129_17_ZSTX_S3->gdfs_yf_e_1_cncnet_net_210_53_135_153_ZSTX
hets_xxg_e_1_cncnet_net_210_52_129_17_ZSTX_S2->gdfs_yf_e_1_cncnet_net_210_53_135_153_ZSTX
tjtj_xsl_e_2_cncnet_net_210_53_135_149_ZSTX_S5->gdfs_yf_e_1_cncnet_net_210_53_135_153_ZSTX
tjtj_xsl_e_2_cncnet_net_210_53_135_149_ZSTX_S4->gdfs_yf_e_1_cncnet_net_210_53_135_153_ZSTX
tjtj_xsl_e_2_cncnet_net_210_53_135_149_ZSTX_S3->gdfs_yf_e_1_cncnet_net_210_53_135_153_ZSTX
tjtj_xsl_e_2_cncnet_net_210_53_135_149_ZSTX_S2->gdfs_yf_e_1_cncnet_net_210_53_135_153_ZSTX
tjtj_xsl_e_2_cncnet_net_210_53_135_149_ZSTX_S1->gdfs_yf_e_1_cncnet_net_210_53_135_153_ZSTX
sdjn_slc_e_1_cncnet_net_210_53_135_7_ZSTX_S5->bjbj_db_e_3_cncnet_net_210_53_135_160_ZSTX_S5
sdjn_slc_e_1_cncnet_net_210_53_135_7_ZSTX_S4->bjbj_db_e_3_cncnet_net_210_53_135_160_ZSTX_S5
lnsy_sf_e_1_cncnet_net_210_53_135_101_ZSTX_S3->bjbj_db_e_3_cncnet_net_210_53_135_160_ZSTX_S5
lnsy_sf_e_1_cncnet_net_210_53_135_101_ZSTX_S2->bjbj_db_e_3_cncnet_net_210_53_135_160_ZSTX_S5
sdjn_slc_e_1_cncnet_net_210_53_135_7_ZSTX_S3->bjbj_db_e_3_cncnet_net_210_53_135_160_ZSTX_S5
sdjn_slc_e_1_cncnet_net_210_53_135_7_ZSTX_S2->bjbj_db_e_3_cncnet_net_210_53_135_160_ZSTX_S5
jlcc_ysn_e_2_cncnet_net_210_53_135_129_ZSTX_S2->bjbj_db_e_3_cncnet_net_210_53_135_160_ZSTX_S5
jlcc_ysn_e_2_cncnet_net_210_53_135_129_ZSTX_S3->bjbj_db_e_3_cncnet_net_210_53_135_160_ZSTX_S5
bjbj_db_e_3_cncnet_net_210_53_135_160_ZSTX_S1->bjbj_db_e_3_cncnet_net_210_53_135_160_ZSTX_S5
jlcc_ysn_e_2_cncnet_net_210_53_135_129_ZSTX_S1->bjbj_db_e_3_cncnet_net_210_53_135_160_ZSTX_S5
bjbj_db_e_3_cncnet_net_210_53_135_160_ZSTX_S4->bjbj_db_e_3_cncnet_net_210_53_135_160_ZSTX_S5
nmhh_ysn_e_1_cncnet_net_210_53_135_176_ZSTX_S1->bjbj_db_e_3_cncnet_net_210_53_135_160_ZSTX_S5
lnsy_hx_e_1_cncnet_net_210_53_135_111_ZSTX_S1->bjbj_db_e_3_cncnet_net_210_53_135_160_ZSTX_S5
tjtj_xsl_e_1_cncnet_net_210_53_135_118_ZSTX_S2->bjbj_db_e_3_cncnet_net_210_53_135_160_ZSTX_S5
lndl_slq_e_2_210_53_135_59_ZSTX_S1->bjbj_db_e_3_cncnet_net_210_53_135_160_ZSTX_S5
snxa_xgx_e_1_cncnet_net_210_53_135_127_ZSTX_S2->bjbj_db_e_3_cncnet_net_210_53_135_160_ZSTX_S5
sdwf_lwj_e_1_210_53_135_148_ZSTX_S1->bjbj_db_e_3_cncnet_net_210_53_135_160_ZSTX_S5
cqcq_kz_e_1_cncnet_net_210_53_135_230_ZSTX_S1->bjbj_db_e_3_cncnet_net_210_53_135_160_ZSTX_S5
bjbj_db_e_1_cncnet_net_210_53_135_112_ZSTX_S2->bjbj_db_e_3_cncnet_net_210_53_135_160_ZSTX_S5
bjbj_db_e_1_cncnet_net_210_53_135_112_ZSTX_S3->bjbj_db_e_3_cncnet_net_210_53_135_160_ZSTX_S5
bjbj_db_e_1_cncnet_net_210_53_135_112_ZSTX_S1->bjbj_db_e_3_cncnet_net_210_53_135_160_ZSTX_S5
lndl_slq_e_1_cncnet_net_210_53_135_162_ZSTX_S1->bjbj_db_e_3_cncnet_net_210_53_135_160_ZSTX_S5
lndl_slq_e_1_cncnet_net_210_53_135_162_ZSTX_S2->bjbj_db_e_3_cncnet_net_210_53_135_160_ZSTX_S5
bjbj_db_e_3_cncnet_net_210_53_135_160_ZSTX_S2->bjbj_db_e_3_cncnet_net_210_53_135_160_ZSTX_S5
sdqd_lydl_e_2_cncnet_net_210_53_135_158_ZSTX_S1->bjbj_db_e_3_cncnet_net_210_53_135_160_ZSTX_S5
sdqd_lydl_e_2_cncnet_net_210_53_135_158_ZSTX_S2->bjbj_db_e_3_cncnet_net_210_53_135_160_ZSTX_S5
jlcc_ysn_e_1_cncnet_net_210_52_129_28_ZSTX_S2->bjbj_db_e_3_cncnet_net_210_53_135_160_ZSTX_S5
bjbj_yz_e_1_cncnet_net_210_53_135_110_ZSTX_S2->bjbj_db_e_3_cncnet_net_210_53_135_160_ZSTX_S5
sdqd_lydl_e_1_cncnet_net_210_53_135_115_ZSTX_S3->bjbj_db_e_3_cncnet_net_210_53_135_160_ZSTX_S5
sdqd_lydl_e_1_cncnet_net_210_53_135_115_ZSTX_S1->bjbj_db_e_3_cncnet_net_210_53_135_160_ZSTX_S5
bjbj_db_e_1_cncnet_net_210_53_135_112_ZSTX_S4->bjbj_db_e_3_cncnet_net_210_53_135_160_ZSTX_S5
bjbj_yz_asbr_1_cncnet_net_210_53_135_189_ZSTX_S3->bjbj_db_e_3_cncnet_net_210_53_135_160_ZSTX_S5
bjbj_yz_asbr_1_cncnet_net_210_53_135_189_ZSTX_S2->bjbj_db_e_3_cncnet_net_210_53_135_160_ZSTX_S5
bjbj_yz_asbr_1_cncnet_net_210_53_135_189_ZSTX_S1->bjbj_db_e_3_cncnet_net_210_53_135_160_ZSTX_S5
jlcc_ysn_e_1_cncnet_net_210_52_129_28_ZSTX_S3->bjbj_db_e_3_cncnet_net_210_53_135_160_ZSTX_S5
jlcc_ysn_e_1_cncnet_net_210_52_129_28_ZSTX_S4->bjbj_db_e_3_cncnet_net_210_53_135_160_ZSTX_S5
bjbj_yz_asbr_1_cncnet_net_210_53_135_189_ZSTX_S6->bjbj_db_e_3_cncnet_net_210_53_135_160_ZSTX_S5
bjbj_yz_asbr_1_cncnet_net_210_53_135_189_ZSTX_S5->bjbj_db_e_3_cncnet_net_210_53_135_160_ZSTX_S5
bjbj_yz_asbr_1_cncnet_net_210_53_135_189_ZSTX_S4->bjbj_db_e_3_cncnet_net_210_53_135_160_ZSTX_S5
hlhr_ysn_e_2_cncnet_net_210_53_135_161_ZSTX_S4->bjbj_db_e_3_cncnet_net_210_53_135_160_ZSTX_S5
hlhr_ysn_e_2_cncnet_net_210_53_135_161_ZSTX_S5->bjbj_db_e_3_cncnet_net_210_53_135_160_ZSTX_S5
sdyt_dhyj_e_1_cncnet_net_210_53_135_150_ZSTX_S1->bjbj_db_e_3_cncnet_net_210_53_135_160_ZSTX_S5
hlhr_ysn_e_2_cncnet_net_210_53_135_161_ZSTX_S1->bjbj_db_e_3_cncnet_net_210_53_135_160_ZSTX_S5
hlhr_ysn_e_2_cncnet_net_210_53_135_161_ZSTX_S2->bjbj_db_e_3_cncnet_net_210_53_135_160_ZSTX_S5
hlhr_ysn_e_2_cncnet_net_210_53_135_161_ZSTX_S3->bjbj_db_e_3_cncnet_net_210_53_135_160_ZSTX_S5
scnc_zh_e_1_sccd_cncnet_net_210_53_135_74_ZSTX_S1->bjbj_db_e_3_cncnet_net_210_53_135_160_ZSTX_S5
cqcq_jb_e_1_cncnet_net_210_52_129_51_ZSTX_S1->bjbj_db_e_3_cncnet_net_210_53_135_160_ZSTX_S5
hesj_esn_e_1_cncnet_net_210_53_135_126_ZSTX_S1->bjbj_db_e_3_cncnet_net_210_53_135_160_ZSTX_S5
snxa_xgx_e_1_cncnet_net_210_53_135_127_ZSTX_S1->bjbj_db_e_3_cncnet_net_210_53_135_160_ZSTX_S5
sdyt_dhyj_e_1_cncnet_net_210_53_135_150_ZSTX_S3->bjbj_db_e_3_cncnet_net_210_53_135_160_ZSTX_S5
sdyt_dhyj_e_1_cncnet_net_210_53_135_150_ZSTX_S2->bjbj_db_e_3_cncnet_net_210_53_135_160_ZSTX_S5
hets_xxg_e_1_cncnet_net_210_52_129_17_ZSTX_S1->bjbj_db_e_3_cncnet_net_210_53_135_160_ZSTX_S5
lnsy_sf_e_1_cncnet_net_210_53_135_101_ZSTX_S1->bjbj_db_e_3_cncnet_net_210_53_135_160_ZSTX_S5
hesj_ysn_e_1_cncnet_net_210_53_135_26_ZSTX_S1->bjbj_db_e_3_cncnet_net_210_53_135_160_ZSTX_S5
sdjn_dgsh_e_1_cncnet_net_210_53_135_114_ZSTX_S1->bjbj_db_e_3_cncnet_net_210_53_135_160_ZSTX_S5
tjtj_xsl_e_1_cncnet_net_210_53_135_118_ZSTX_S3->bjbj_db_e_3_cncnet_net_210_53_135_160_ZSTX_S5
tjtj_xsl_e_1_cncnet_net_210_53_135_118_ZSTX_S1->bjbj_db_e_3_cncnet_net_210_53_135_160_ZSTX_S5
tjtj_xsl_e_1_cncnet_net_210_53_135_118_ZSTX_S5->bjbj_db_e_3_cncnet_net_210_53_135_160_ZSTX_S5
hets_xxg_e_1_cncnet_net_210_52_129_17_ZSTX_S3->bjbj_db_e_3_cncnet_net_210_53_135_160_ZSTX_S5
hets_xxg_e_1_cncnet_net_210_52_129_17_ZSTX_S2->bjbj_db_e_3_cncnet_net_210_53_135_160_ZSTX_S5
tjtj_xsl_e_2_cncnet_net_210_53_135_149_ZSTX_S5->bjbj_db_e_3_cncnet_net_210_53_135_160_ZSTX_S5
tjtj_xsl_e_2_cncnet_net_210_53_135_149_ZSTX_S4->bjbj_db_e_3_cncnet_net_210_53_135_160_ZSTX_S5
tjtj_xsl_e_2_cncnet_net_210_53_135_149_ZSTX_S3->bjbj_db_e_3_cncnet_net_210_53_135_160_ZSTX_S5
tjtj_xsl_e_2_cncnet_net_210_53_135_149_ZSTX_S2->bjbj_db_e_3_cncnet_net_210_53_135_160_ZSTX_S5
tjtj_xsl_e_2_cncnet_net_210_53_135_149_ZSTX_S1->bjbj_db_e_3_cncnet_net_210_53_135_160_ZSTX_S5
sdjn_slc_e_1_cncnet_net_210_53_135_7_ZSTX_S5->gdsz_cgm_e_2_cncnet_net_210_53_135_151_ZSTX
sdjn_slc_e_1_cncnet_net_210_53_135_7_ZSTX_S4->gdsz_cgm_e_2_cncnet_net_210_53_135_151_ZSTX
lnsy_sf_e_1_cncnet_net_210_53_135_101_ZSTX_S3->gdsz_cgm_e_2_cncnet_net_210_53_135_151_ZSTX
lnsy_sf_e_1_cncnet_net_210_53_135_101_ZSTX_S2->gdsz_cgm_e_2_cncnet_net_210_53_135_151_ZSTX
sdjn_slc_e_1_cncnet_net_210_53_135_7_ZSTX_S3->gdsz_cgm_e_2_cncnet_net_210_53_135_151_ZSTX
sdjn_slc_e_1_cncnet_net_210_53_135_7_ZSTX_S2->gdsz_cgm_e_2_cncnet_net_210_53_135_151_ZSTX
jlcc_ysn_e_2_cncnet_net_210_53_135_129_ZSTX_S2->gdsz_cgm_e_2_cncnet_net_210_53_135_151_ZSTX
jlcc_ysn_e_2_cncnet_net_210_53_135_129_ZSTX_S3->gdsz_cgm_e_2_cncnet_net_210_53_135_151_ZSTX
bjbj_db_e_3_cncnet_net_210_53_135_160_ZSTX_S1->gdsz_cgm_e_2_cncnet_net_210_53_135_151_ZSTX
jlcc_ysn_e_2_cncnet_net_210_53_135_129_ZSTX_S1->gdsz_cgm_e_2_cncnet_net_210_53_135_151_ZSTX
bjbj_db_e_3_cncnet_net_210_53_135_160_ZSTX_S4->gdsz_cgm_e_2_cncnet_net_210_53_135_151_ZSTX
nmhh_ysn_e_1_cncnet_net_210_53_135_176_ZSTX_S1->gdsz_cgm_e_2_cncnet_net_210_53_135_151_ZSTX
lnsy_hx_e_1_cncnet_net_210_53_135_111_ZSTX_S1->gdsz_cgm_e_2_cncnet_net_210_53_135_151_ZSTX
tjtj_xsl_e_1_cncnet_net_210_53_135_118_ZSTX_S2->gdsz_cgm_e_2_cncnet_net_210_53_135_151_ZSTX
lndl_slq_e_2_210_53_135_59_ZSTX_S1->gdsz_cgm_e_2_cncnet_net_210_53_135_151_ZSTX
snxa_xgx_e_1_cncnet_net_210_53_135_127_ZSTX_S2->gdsz_cgm_e_2_cncnet_net_210_53_135_151_ZSTX
sdwf_lwj_e_1_210_53_135_148_ZSTX_S1->gdsz_cgm_e_2_cncnet_net_210_53_135_151_ZSTX
cqcq_kz_e_1_cncnet_net_210_53_135_230_ZSTX_S1->gdsz_cgm_e_2_cncnet_net_210_53_135_151_ZSTX
bjbj_db_e_1_cncnet_net_210_53_135_112_ZSTX_S2->gdsz_cgm_e_2_cncnet_net_210_53_135_151_ZSTX
bjbj_db_e_1_cncnet_net_210_53_135_112_ZSTX_S3->gdsz_cgm_e_2_cncnet_net_210_53_135_151_ZSTX
bjbj_db_e_1_cncnet_net_210_53_135_112_ZSTX_S1->gdsz_cgm_e_2_cncnet_net_210_53_135_151_ZSTX
lndl_slq_e_1_cncnet_net_210_53_135_162_ZSTX_S1->gdsz_cgm_e_2_cncnet_net_210_53_135_151_ZSTX
lndl_slq_e_1_cncnet_net_210_53_135_162_ZSTX_S2->gdsz_cgm_e_2_cncnet_net_210_53_135_151_ZSTX
bjbj_db_e_3_cncnet_net_210_53_135_160_ZSTX_S2->gdsz_cgm_e_2_cncnet_net_210_53_135_151_ZSTX
sdqd_lydl_e_2_cncnet_net_210_53_135_158_ZSTX_S1->gdsz_cgm_e_2_cncnet_net_210_53_135_151_ZSTX
sdqd_lydl_e_2_cncnet_net_210_53_135_158_ZSTX_S2->gdsz_cgm_e_2_cncnet_net_210_53_135_151_ZSTX
jlcc_ysn_e_1_cncnet_net_210_52_129_28_ZSTX_S2->gdsz_cgm_e_2_cncnet_net_210_53_135_151_ZSTX
bjbj_yz_e_1_cncnet_net_210_53_135_110_ZSTX_S2->gdsz_cgm_e_2_cncnet_net_210_53_135_151_ZSTX
sdqd_lydl_e_1_cncnet_net_210_53_135_115_ZSTX_S3->gdsz_cgm_e_2_cncnet_net_210_53_135_151_ZSTX
sdqd_lydl_e_1_cncnet_net_210_53_135_115_ZSTX_S1->gdsz_cgm_e_2_cncnet_net_210_53_135_151_ZSTX
bjbj_db_e_1_cncnet_net_210_53_135_112_ZSTX_S4->gdsz_cgm_e_2_cncnet_net_210_53_135_151_ZSTX
bjbj_yz_asbr_1_cncnet_net_210_53_135_189_ZSTX_S3->gdsz_cgm_e_2_cncnet_net_210_53_135_151_ZSTX
bjbj_yz_asbr_1_cncnet_net_210_53_135_189_ZSTX_S2->gdsz_cgm_e_2_cncnet_net_210_53_135_151_ZSTX
bjbj_yz_asbr_1_cncnet_net_210_53_135_189_ZSTX_S1->gdsz_cgm_e_2_cncnet_net_210_53_135_151_ZSTX
jlcc_ysn_e_1_cncnet_net_210_52_129_28_ZSTX_S3->gdsz_cgm_e_2_cncnet_net_210_53_135_151_ZSTX
jlcc_ysn_e_1_cncnet_net_210_52_129_28_ZSTX_S4->gdsz_cgm_e_2_cncnet_net_210_53_135_151_ZSTX
bjbj_yz_asbr_1_cncnet_net_210_53_135_189_ZSTX_S6->gdsz_cgm_e_2_cncnet_net_210_53_135_151_ZSTX
bjbj_yz_asbr_1_cncnet_net_210_53_135_189_ZSTX_S5->gdsz_cgm_e_2_cncnet_net_210_53_135_151_ZSTX
bjbj_yz_asbr_1_cncnet_net_210_53_135_189_ZSTX_S4->gdsz_cgm_e_2_cncnet_net_210_53_135_151_ZSTX
hlhr_ysn_e_2_cncnet_net_210_53_135_161_ZSTX_S4->gdsz_cgm_e_2_cncnet_net_210_53_135_151_ZSTX
hlhr_ysn_e_2_cncnet_net_210_53_135_161_ZSTX_S5->gdsz_cgm_e_2_cncnet_net_210_53_135_151_ZSTX
sdyt_dhyj_e_1_cncnet_net_210_53_135_150_ZSTX_S1->gdsz_cgm_e_2_cncnet_net_210_53_135_151_ZSTX
hlhr_ysn_e_2_cncnet_net_210_53_135_161_ZSTX_S1->gdsz_cgm_e_2_cncnet_net_210_53_135_151_ZSTX
hlhr_ysn_e_2_cncnet_net_210_53_135_161_ZSTX_S2->gdsz_cgm_e_2_cncnet_net_210_53_135_151_ZSTX
hlhr_ysn_e_2_cncnet_net_210_53_135_161_ZSTX_S3->gdsz_cgm_e_2_cncnet_net_210_53_135_151_ZSTX
scnc_zh_e_1_sccd_cncnet_net_210_53_135_74_ZSTX_S1->gdsz_cgm_e_2_cncnet_net_210_53_135_151_ZSTX
cqcq_jb_e_1_cncnet_net_210_52_129_51_ZSTX_S1->gdsz_cgm_e_2_cncnet_net_210_53_135_151_ZSTX
hesj_esn_e_1_cncnet_net_210_53_135_126_ZSTX_S1->gdsz_cgm_e_2_cncnet_net_210_53_135_151_ZSTX
snxa_xgx_e_1_cncnet_net_210_53_135_127_ZSTX_S1->gdsz_cgm_e_2_cncnet_net_210_53_135_151_ZSTX
sdyt_dhyj_e_1_cncnet_net_210_53_135_150_ZSTX_S3->gdsz_cgm_e_2_cncnet_net_210_53_135_151_ZSTX
sdyt_dhyj_e_1_cncnet_net_210_53_135_150_ZSTX_S2->gdsz_cgm_e_2_cncnet_net_210_53_135_151_ZSTX
hets_xxg_e_1_cncnet_net_210_52_129_17_ZSTX_S1->gdsz_cgm_e_2_cncnet_net_210_53_135_151_ZSTX
lnsy_sf_e_1_cncnet_net_210_53_135_101_ZSTX_S1->gdsz_cgm_e_2_cncnet_net_210_53_135_151_ZSTX
hesj_ysn_e_1_cncnet_net_210_53_135_26_ZSTX_S1->gdsz_cgm_e_2_cncnet_net_210_53_135_151_ZSTX
sdjn_dgsh_e_1_cncnet_net_210_53_135_114_ZSTX_S1->gdsz_cgm_e_2_cncnet_net_210_53_135_151_ZSTX
tjtj_xsl_e_1_cncnet_net_210_53_135_118_ZSTX_S3->gdsz_cgm_e_2_cncnet_net_210_53_135_151_ZSTX
tjtj_xsl_e_1_cncnet_net_210_53_135_118_ZSTX_S1->gdsz_cgm_e_2_cncnet_net_210_53_135_151_ZSTX
tjtj_xsl_e_1_cncnet_net_210_53_135_118_ZSTX_S5->gdsz_cgm_e_2_cncnet_net_210_53_135_151_ZSTX
hets_xxg_e_1_cncnet_net_210_52_129_17_ZSTX_S3->gdsz_cgm_e_2_cncnet_net_210_53_135_151_ZSTX
hets_xxg_e_1_cncnet_net_210_52_129_17_ZSTX_S2->gdsz_cgm_e_2_cncnet_net_210_53_135_151_ZSTX
tjtj_xsl_e_2_cncnet_net_210_53_135_149_ZSTX_S5->gdsz_cgm_e_2_cncnet_net_210_53_135_151_ZSTX
tjtj_xsl_e_2_cncnet_net_210_53_135_149_ZSTX_S4->gdsz_cgm_e_2_cncnet_net_210_53_135_151_ZSTX
tjtj_xsl_e_2_cncnet_net_210_53_135_149_ZSTX_S3->gdsz_cgm_e_2_cncnet_net_210_53_135_151_ZSTX
tjtj_xsl_e_2_cncnet_net_210_53_135_149_ZSTX_S2->gdsz_cgm_e_2_cncnet_net_210_53_135_151_ZSTX
tjtj_xsl_e_2_cncnet_net_210_53_135_149_ZSTX_S1->gdsz_cgm_e_2_cncnet_net_210_53_135_151_ZSTX
